running in watch-mode, routefile in source assets will not be updated
running in watch-mode, routefile in source assets will not be updated
running in watch-mode, routefile in source assets will not be updated
running in watch-mode, routefile in source assets will not be updated
running in watch-mode, routefile in source assets will not be updated
running in watch-mode, routefile in source assets will not be updated
running in watch-mode, routefile in source assets will not be updated
running in watch-mode, routefile in source assets will not be updated
running in watch-mode, routefile in source assets will not be updated
running in watch-mode, routefile in source assets will not be updated
running in watch-mode, routefile in source assets will not be updated

----------------------------------
Using stored unhandled routes!.
   To discover new routes in the angular app use "[33mnpm run scully -- --scanRoutes[39m"
----------------------------------running in watch-mode, routefile in source assets will not be updated

running in watch-mode, routefile in source assets will not be updated
Received Kill command

----------------------------------
Using stored unhandled routes!.
   To discover new routes in the angular app use "[33mnpm run scully -- --scanRoutes[39m"
----------------------------------running in watch-mode, routefile in source assets will not be updated

running in watch-mode, routefile in source assets will not be updated
running in watch-mode, routefile in source assets will not be updated
running in watch-mode, routefile in source assets will not be updated
running in watch-mode, routefile in source assets will not be updated
running in watch-mode, routefile in source assets will not be updated
running in watch-mode, routefile in source assets will not be updated
running in watch-mode, routefile in source assets will not be updated
running in watch-mode, routefile in source assets will not be updated
running in watch-mode, routefile in source assets will not be updated
running in watch-mode, routefile in source assets will not be updated
running in watch-mode, routefile in source assets will not be updated
running in watch-mode, routefile in source assets will not be updated
running in watch-mode, routefile in source assets will not be updated
running in watch-mode, routefile in source assets will not be updated
running in watch-mode, routefile in source assets will not be updated
running in watch-mode, routefile in source assets will not be updated
Received Kill command

----------------------------------
Using stored unhandled routes!.
   To discover new routes in the angular app use "[33mnpm run scully -- --scanRoutes[39m"
----------------------------------
Received Kill command

----------------------------------
Using stored unhandled routes!.
   To discover new routes in the angular app use "[33mnpm run scully -- --scanRoutes[39m"
----------------------------------running in watch-mode, routefile in source assets will not be updated

running in watch-mode, routefile in source assets will not be updated
running in watch-mode, routefile in source assets will not be updated
Received Kill command

----------------------------------
Using stored unhandled routes!.
   To discover new routes in the angular app use "[33mnpm run scully -- --scanRoutes[39m"
----------------------------------running in watch-mode, routefile in source assets will not be updated

running in watch-mode, routefile in source assets will not be updated
Received Kill command

----------------------------------
Using stored unhandled routes!.
   To discover new routes in the angular app use "[33mnpm run scully -- --scanRoutes[39m"
----------------------------------running in watch-mode, routefile in source assets will not be updated

The file [33m./blog/2020-09-22-blog.v2.md[39m is empty, scully will ignore.running in watch-mode, routefile in source assets will not be updated

running in watch-mode, routefile in source assets will not be updated
